[13:19:52.348][info] [#0:/home/mulaydm10/.local/share/nvim/mason/packages/lua-language-server/libexec/main.lua:68]: Lua Lsp startup, root: 	/home/mulaydm10/.local/share/nvim/mason/packages/lua-language-server/libexec
[13:19:52.348][info] [#0:/home/mulaydm10/.local/share/nvim/mason/packages/lua-language-server/libexec/main.lua:69]: ROOT:	/home/mulaydm10/.local/share/nvim/mason/packages/lua-language-server/libexec
[13:19:52.348][info] [#0:/home/mulaydm10/.local/share/nvim/mason/packages/lua-language-server/libexec/main.lua:70]: LOGPATH:	/home/mulaydm10/.local/share/nvim/mason/packages/lua-language-server/libexec/log
[13:19:52.348][info] [#0:/home/mulaydm10/.local/share/nvim/mason/packages/lua-language-server/libexec/main.lua:71]: METAPATH:	/home/mulaydm10/.local/share/nvim/mason/packages/lua-language-server/libexec/meta
[13:19:52.348][info] [#0:/home/mulaydm10/.local/share/nvim/mason/packages/lua-language-server/libexec/main.lua:72]: VERSION:	3.14.0
[13:19:52.368][info] [#0:script/proto/proto.lua:260]: Listen Mode: stdio
[13:19:52.368][info] [#0:script/service/service.lua:145]: 
========= Medical Examination Report =========
    --------------- Memory ---------------
        Total: 2.263 MB
        # 00 : 2.263 MB
        # 01 : 0.000 MB
        # 02 : 0.000 MB
        # 03 : 0.000 MB
        # 04 : 0.000 MB
    --------------- Coroutine ---------------
        Total:     0
        Running:   0
        Suspended: 0
        Normal:    0
        Dead:      0
    --------------- Cache ---------------
        Total: 1
        Dead:  0
    ---------------  RPC  ---------------
        Holdon:   0
        Waiting:  0
==============================================
[13:19:52.472][info] [#0:script/client.lua:657]: Client init	{
  capabilities = {
    general = {
      positionEncodings = { "utf-8", "utf-16", "utf-32" }
    },
    textDocument = {
      callHierarchy = {
        dynamicRegistration = false
      },
      codeAction = {
        codeActionLiteralSupport = {
          codeActionKind = {
            valueSet = { "", "quickfix", "refactor", "refactor.extract", "refactor.inline", "refactor.rewrite", "source", "source.organizeImports" }
          }
        },
        dataSupport = true,
        dynamicRegistration = true,
        isPreferredSupport = true,
        resolveSupport = {
          properties = { "edit", "command" }
        }
      },
      codeLens = {
        dynamicRegistration = false,
        resolveSupport = {
          properties = { "command" }
        }
      },
      completion = {
        completionItem = {
          commitCharactersSupport = true,
          deprecatedSupport = true,
          documentationFormat = { "markdown", "plaintext" },
          insertReplaceSupport = true,
          insertTextModeSupport = {
            valueSet = { 1, 2 }
          },
          labelDetailsSupport = true,
          preselectSupport = true,
          resolveSupport = {
            properties = { "documentation", "additionalTextEdits", "insertTextFormat", "insertTextMode", "command" }
          },
          snippetSupport = true,
          tagSupport = {
            valueSet = { 1 }
          }
        },
        completionItemKind = {
          valueSet = { 1, 2, 3, 4, 5, 6, 7, 8, 9, 10, 11, 12, 13, 14, 15, 16, 17, 18, 19, 20, 21, 22, 23, 24, 25 }
        },
        completionList = {
          itemDefaults = { "commitCharacters", "editRange", "insertTextFormat", "insertTextMode", "data" }
        },
        contextSupport = true,
        dynamicRegistration = false,
        insertTextMode = 1
      },
      declaration = {
        linkSupport = true
      },
      definition = {
        dynamicRegistration = true,
        linkSupport = true
      },
      diagnostic = {
        dynamicRegistration = false
      },
      documentHighlight = {
        dynamicRegistration = false
      },
      documentSymbol = {
        dynamicRegistration = false,
        hierarchicalDocumentSymbolSupport = true,
        symbolKind = {
          valueSet = { 1, 2, 3, 4, 5, 6, 7, 8, 9, 10, 11, 12, 13, 14, 15, 16, 17, 18, 19, 20, 21, 22, 23, 24, 25, 26 }
        }
      },
      foldingRange = {
        dynamicRegistration = false,
        foldingRange = {
          collapsedText = true
        },
        lineFoldingOnly = true
      },
      formatting = {
        dynamicRegistration = true
      },
      hover = {
        contentFormat = { "markdown", "plaintext" },
        dynamicRegistration = true
      },
      implementation = {
        linkSupport = true
      },
      inlayHint = {
        dynamicRegistration = true,
        resolveSupport = {
          properties = { "textEdits", "tooltip", "location", "command" }
        }
      },
      publishDiagnostics = {
        dataSupport = true,
        relatedInformation = true,
        tagSupport = {
          valueSet = { 1, 2 }
        }
      },
      rangeFormatting = {
        dynamicRegistration = true,
        rangesSupport = true
      },
      references = {
        dynamicRegistration = false
      },
      rename = {
        dynamicRegistration = true,
        prepareSupport = true
      },
      semanticTokens = {
        augmentsSyntaxTokens = true,
        dynamicRegistration = false,
        formats = { "relative" },
        multilineTokenSupport = false,
        overlappingTokenSupport = true,
        requests = {
          full = {
            delta = true
          },
          range = false
        },
        serverCancelSupport = false,
        tokenModifiers = { "declaration", "definition", "readonly", "static", "deprecated", "abstract", "async", "modification", "documentation", "defaultLibrary" },
        tokenTypes = { "namespace", "type", "class", "enum", "interface", "struct", "typeParameter", "parameter", "variable", "property", "enumMember", "event", "function", "method", "macro", "keyword", "modifier", "comment", "string", "number", "regexp", "operator", "decorator" }
      },
      signatureHelp = {
        dynamicRegistration = false,
        signatureInformation = {
          activeParameterSupport = true,
          documentationFormat = { "markdown", "plaintext" },
          parameterInformation = {
            labelOffsetSupport = true
          }
        }
      },
      synchronization = {
        didSave = true,
        dynamicRegistration = false,
        willSave = true,
        willSaveWaitUntil = true
      },
      typeDefinition = {
        linkSupport = true
      }
    },
    window = {
      showDocument = {
        support = true
      },
      showMessage = {
        messageActionItem = {
          additionalPropertiesSupport = true
        }
      },
      workDoneProgress = true
    },
    workspace = {
      applyEdit = true,
      configuration = true,
      didChangeConfiguration = {
        dynamicRegistration = false
      },
      didChangeWatchedFiles = {
        dynamicRegistration = false,
        relativePatternSupport = true
      },
      inlayHint = {
        refreshSupport = true
      },
      semanticTokens = {
        refreshSupport = true
      },
      symbol = {
        dynamicRegistration = false,
        symbolKind = {
          valueSet = { 1, 2, 3, 4, 5, 6, 7, 8, 9, 10, 11, 12, 13, 14, 15, 16, 17, 18, 19, 20, 21, 22, 23, 24, 25, 26 }
        }
      },
      workspaceEdit = {
        resourceOperations = { "rename", "create", "delete" }
      },
      workspaceFolders = true
    }
  },
  clientInfo = {
    name = "Neovim",
    version = "0.11.1+ga9a3981669"
  },
  initializationOptions = {},
  processId = 8585,
  trace = "off",
  workDoneToken = "1"
}
[13:19:52.472][info] [#0:script/language.lua:137]: VSC language: nil
[13:19:52.472][info] [#0:script/language.lua:138]: LS  language: en-us
[13:19:52.675][info] [#0:script/workspace/workspace.lua:48]: Workspace create: 	file:///home/mulaydm10/.config/nvim/lua/plugins
[13:19:52.776][warn] [#0:script/config/loader.lua:116]: No config?	{}
[13:19:52.776][info] [#0:script/provider/provider.lua:65]: Load config from client	fallback
[13:19:52.776][info] [#0:script/provider/provider.lua:66]: nil
[13:19:52.776][warn] [#0:script/config/loader.lua:116]: No config?	{}
[13:19:52.888][info] [#0:script/library.lua:212]: Init builtin library at:	nil
[13:19:52.900][warn] [#0:script/config/loader.lua:116]: No config?	{}
[13:19:52.900][info] [#0:script/provider/provider.lua:65]: Load config from client	fallback
[13:19:52.900][info] [#0:script/provider/provider.lua:66]: nil
[13:19:53.001][info] [#0:script/workspace/workspace.lua:324]: Preload start:	<fallback>
[13:19:53.003][info] [#0:script/workspace/workspace.lua:353]: Scan library at:	file:///home/mulaydm10/.local/share/nvim/mason/packages/lua-language-server/libexec/meta/Lua%205.4%20en-us%20utf8/basic.lua
[13:19:53.003][info] [#0:script/library.lua:212]: Init builtin library at:	file:///home/mulaydm10/.config/nvim/lua/plugins
[13:19:53.018][info] [#0:script/workspace/workspace.lua:353]: Scan library at:	file:///home/mulaydm10/.local/share/nvim/mason/packages/lua-language-server/libexec/meta/Lua%205.4%20en-us%20utf8/os.lua
[13:19:53.018][info] [#0:script/workspace/workspace.lua:353]: Scan library at:	file:///home/mulaydm10/.local/share/nvim/mason/packages/lua-language-server/libexec/meta/Lua%205.4%20en-us%20utf8/builtin.lua
[13:19:53.018][info] [#0:script/workspace/workspace.lua:353]: Scan library at:	file:///home/mulaydm10/.local/share/nvim/mason/packages/lua-language-server/libexec/meta/Lua%205.4%20en-us%20utf8/io.lua
[13:19:53.018][info] [#0:script/workspace/workspace.lua:353]: Scan library at:	file:///home/mulaydm10/.local/share/nvim/mason/packages/lua-language-server/libexec/meta/Lua%205.4%20en-us%20utf8/utf8.lua
[13:19:53.018][info] [#0:script/workspace/workspace.lua:353]: Scan library at:	file:///home/mulaydm10/.local/share/nvim/mason/packages/lua-language-server/libexec/meta/Lua%205.4%20en-us%20utf8/math.lua
[13:19:53.019][info] [#0:script/workspace/workspace.lua:353]: Scan library at:	file:///home/mulaydm10/.local/share/nvim/mason/packages/lua-language-server/libexec/meta/Lua%205.4%20en-us%20utf8/debug.lua
[13:19:53.019][info] [#0:script/workspace/workspace.lua:353]: Scan library at:	file:///home/mulaydm10/.local/share/nvim/mason/packages/lua-language-server/libexec/meta/Lua%205.4%20en-us%20utf8/table.lua
[13:19:53.019][info] [#0:script/workspace/workspace.lua:353]: Scan library at:	file:///home/mulaydm10/.local/share/nvim/mason/packages/lua-language-server/libexec/meta/Lua%205.4%20en-us%20utf8/package.lua
[13:19:53.019][info] [#0:script/workspace/workspace.lua:353]: Scan library at:	file:///home/mulaydm10/.local/share/nvim/mason/packages/lua-language-server/libexec/meta/Lua%205.4%20en-us%20utf8/coroutine.lua
[13:19:53.019][info] [#0:script/workspace/workspace.lua:353]: Scan library at:	file:///home/mulaydm10/.local/share/nvim/mason/packages/lua-language-server/libexec/meta/Lua%205.4%20en-us%20utf8/string.lua
[13:19:53.120][info] [#0:script/workspace/workspace.lua:324]: Preload start:	file:///home/mulaydm10/.config/nvim/lua/plugins
[13:19:53.125][info] [#0:script/workspace/workspace.lua:330]: Scan files at:	file:///home/mulaydm10/.config/nvim/lua/plugins
[13:19:53.125][info] [#0:script/workspace/workspace.lua:379]: Found 11 files at:	<fallback>
[13:19:53.125][info] [#0:script/workspace/loading.lua:160]: Load files from disk:	<fallback>
[13:19:53.126][info] [#0:script/workspace/loading.lua:100]: Preload file at: file:///home/mulaydm10/.local/share/nvim/mason/packages/lua-language-server/libexec/meta/Lua%205.4%20en-us%20utf8/string.lua , size = 5.234 KB
[13:19:53.130][info] [#0:script/workspace/loading.lua:112]: ++++As library of:	file:///home/mulaydm10/.local/share/nvim/mason/packages/lua-language-server/libexec/meta/Lua%205.4%20en-us%20utf8/string.lua
[13:19:53.130][info] [#0:script/workspace/loading.lua:100]: Preload file at: file:///home/mulaydm10/.local/share/nvim/mason/packages/lua-language-server/libexec/meta/Lua%205.4%20en-us%20utf8/package.lua , size = 2.944 KB
[13:19:53.132][info] [#0:script/workspace/loading.lua:112]: ++++As library of:	file:///home/mulaydm10/.local/share/nvim/mason/packages/lua-language-server/libexec/meta/Lua%205.4%20en-us%20utf8/package.lua
[13:19:53.132][info] [#0:script/workspace/loading.lua:100]: Preload file at: file:///home/mulaydm10/.local/share/nvim/mason/packages/lua-language-server/libexec/meta/Lua%205.4%20en-us%20utf8/table.lua , size = 4.445 KB
[13:19:53.136][info] [#0:script/workspace/loading.lua:112]: ++++As library of:	file:///home/mulaydm10/.local/share/nvim/mason/packages/lua-language-server/libexec/meta/Lua%205.4%20en-us%20utf8/table.lua
[13:19:53.136][info] [#0:script/workspace/loading.lua:100]: Preload file at: file:///home/mulaydm10/.local/share/nvim/mason/packages/lua-language-server/libexec/meta/Lua%205.4%20en-us%20utf8/coroutine.lua , size = 2.590 KB
[13:19:53.137][info] [#0:script/workspace/loading.lua:112]: ++++As library of:	file:///home/mulaydm10/.local/share/nvim/mason/packages/lua-language-server/libexec/meta/Lua%205.4%20en-us%20utf8/coroutine.lua
[13:19:53.138][info] [#0:script/workspace/loading.lua:100]: Preload file at: file:///home/mulaydm10/.local/share/nvim/mason/packages/lua-language-server/libexec/meta/Lua%205.4%20en-us%20utf8/debug.lua , size = 7.637 KB
[13:19:53.141][info] [#0:script/workspace/loading.lua:112]: ++++As library of:	file:///home/mulaydm10/.local/share/nvim/mason/packages/lua-language-server/libexec/meta/Lua%205.4%20en-us%20utf8/debug.lua
[13:19:53.141][info] [#0:script/workspace/loading.lua:100]: Preload file at: file:///home/mulaydm10/.local/share/nvim/mason/packages/lua-language-server/libexec/meta/Lua%205.4%20en-us%20utf8/utf8.lua , size = 2.386 KB
[13:19:53.141][info] [#0:script/workspace/loading.lua:112]: ++++As library of:	file:///home/mulaydm10/.local/share/nvim/mason/packages/lua-language-server/libexec/meta/Lua%205.4%20en-us%20utf8/utf8.lua
[13:19:53.141][info] [#0:script/workspace/loading.lua:100]: Preload file at: file:///home/mulaydm10/.local/share/nvim/mason/packages/lua-language-server/libexec/meta/Lua%205.4%20en-us%20utf8/math.lua , size = 8.542 KB
[13:19:53.146][info] [#0:script/workspace/loading.lua:112]: ++++As library of:	file:///home/mulaydm10/.local/share/nvim/mason/packages/lua-language-server/libexec/meta/Lua%205.4%20en-us%20utf8/math.lua
[13:19:53.146][info] [#0:script/workspace/loading.lua:100]: Preload file at: file:///home/mulaydm10/.local/share/nvim/mason/packages/lua-language-server/libexec/meta/Lua%205.4%20en-us%20utf8/io.lua , size = 6.364 KB
[13:19:53.148][info] [#0:script/workspace/loading.lua:112]: ++++As library of:	file:///home/mulaydm10/.local/share/nvim/mason/packages/lua-language-server/libexec/meta/Lua%205.4%20en-us%20utf8/io.lua
[13:19:53.149][info] [#0:script/workspace/loading.lua:100]: Preload file at: file:///home/mulaydm10/.local/share/nvim/mason/packages/lua-language-server/libexec/meta/Lua%205.4%20en-us%20utf8/builtin.lua , size = 0.302 KB
[13:19:53.149][info] [#0:script/workspace/loading.lua:112]: ++++As library of:	file:///home/mulaydm10/.local/share/nvim/mason/packages/lua-language-server/libexec/meta/Lua%205.4%20en-us%20utf8/builtin.lua
[13:19:53.149][info] [#0:script/workspace/loading.lua:100]: Preload file at: file:///home/mulaydm10/.local/share/nvim/mason/packages/lua-language-server/libexec/meta/Lua%205.4%20en-us%20utf8/os.lua , size = 5.611 KB
[13:19:53.151][info] [#0:script/workspace/loading.lua:112]: ++++As library of:	file:///home/mulaydm10/.local/share/nvim/mason/packages/lua-language-server/libexec/meta/Lua%205.4%20en-us%20utf8/os.lua
[13:19:53.152][info] [#0:script/workspace/loading.lua:100]: Preload file at: file:///home/mulaydm10/.local/share/nvim/mason/packages/lua-language-server/libexec/meta/Lua%205.4%20en-us%20utf8/basic.lua , size = 15.841 KB
[13:19:53.159][info] [#0:script/workspace/loading.lua:112]: ++++As library of:	file:///home/mulaydm10/.local/share/nvim/mason/packages/lua-language-server/libexec/meta/Lua%205.4%20en-us%20utf8/basic.lua
[13:19:53.159][info] [#0:script/workspace/loading.lua:172]: Loaded files takes [0.035] sec: <fallback>
[13:19:53.159][info] [#0:script/workspace/loading.lua:181]: Compile files takes [0.000] sec: <fallback>
[13:19:53.159][info] [#0:script/workspace/loading.lua:182]: Loaded finish:	<fallback>
[13:19:53.159][info] [#0:script/workspace/workspace.lua:381]: Preload finish at:	<fallback>
[13:19:53.160][info] [#0:script/workspace/workspace.lua:353]: Scan library at:	file:///home/mulaydm10/.local/share/nvim/mason/packages/lua-language-server/libexec/meta/Lua%205.4%20en-us%20utf8/basic.lua
[13:19:53.160][info] [#0:script/workspace/workspace.lua:353]: Scan library at:	file:///home/mulaydm10/.local/share/nvim/mason/packages/lua-language-server/libexec/meta/Lua%205.4%20en-us%20utf8/os.lua
[13:19:53.161][info] [#0:script/workspace/workspace.lua:353]: Scan library at:	file:///home/mulaydm10/.local/share/nvim/mason/packages/lua-language-server/libexec/meta/Lua%205.4%20en-us%20utf8/builtin.lua
[13:19:53.161][info] [#0:script/workspace/workspace.lua:353]: Scan library at:	file:///home/mulaydm10/.local/share/nvim/mason/packages/lua-language-server/libexec/meta/Lua%205.4%20en-us%20utf8/io.lua
[13:19:53.161][info] [#0:script/workspace/workspace.lua:353]: Scan library at:	file:///home/mulaydm10/.local/share/nvim/mason/packages/lua-language-server/libexec/meta/Lua%205.4%20en-us%20utf8/utf8.lua
[13:19:53.161][info] [#0:script/workspace/workspace.lua:353]: Scan library at:	file:///home/mulaydm10/.local/share/nvim/mason/packages/lua-language-server/libexec/meta/Lua%205.4%20en-us%20utf8/math.lua
[13:19:53.161][info] [#0:script/workspace/workspace.lua:353]: Scan library at:	file:///home/mulaydm10/.local/share/nvim/mason/packages/lua-language-server/libexec/meta/Lua%205.4%20en-us%20utf8/debug.lua
[13:19:53.161][info] [#0:script/workspace/workspace.lua:353]: Scan library at:	file:///home/mulaydm10/.local/share/nvim/mason/packages/lua-language-server/libexec/meta/Lua%205.4%20en-us%20utf8/table.lua
[13:19:53.161][info] [#0:script/workspace/workspace.lua:353]: Scan library at:	file:///home/mulaydm10/.local/share/nvim/mason/packages/lua-language-server/libexec/meta/Lua%205.4%20en-us%20utf8/package.lua
[13:19:53.161][info] [#0:script/workspace/workspace.lua:353]: Scan library at:	file:///home/mulaydm10/.local/share/nvim/mason/packages/lua-language-server/libexec/meta/Lua%205.4%20en-us%20utf8/coroutine.lua
[13:19:53.161][info] [#0:script/workspace/workspace.lua:353]: Scan library at:	file:///home/mulaydm10/.local/share/nvim/mason/packages/lua-language-server/libexec/meta/Lua%205.4%20en-us%20utf8/string.lua
[13:19:53.262][info] [#0:script/workspace/workspace.lua:379]: Found 23 files at:	file:///home/mulaydm10/.config/nvim/lua/plugins
[13:19:53.262][info] [#0:script/workspace/loading.lua:160]: Load files from disk:	file:///home/mulaydm10/.config/nvim/lua/plugins
[13:19:53.262][info] [#0:script/workspace/loading.lua:88]: Skip loaded file: file:///home/mulaydm10/.local/share/nvim/mason/packages/lua-language-server/libexec/meta/Lua%205.4%20en-us%20utf8/string.lua
[13:19:53.262][info] [#0:script/workspace/loading.lua:112]: ++++As library of:	file:///home/mulaydm10/.local/share/nvim/mason/packages/lua-language-server/libexec/meta/Lua%205.4%20en-us%20utf8/string.lua
[13:19:53.262][info] [#0:script/workspace/loading.lua:88]: Skip loaded file: file:///home/mulaydm10/.local/share/nvim/mason/packages/lua-language-server/libexec/meta/Lua%205.4%20en-us%20utf8/coroutine.lua
[13:19:53.262][info] [#0:script/workspace/loading.lua:112]: ++++As library of:	file:///home/mulaydm10/.local/share/nvim/mason/packages/lua-language-server/libexec/meta/Lua%205.4%20en-us%20utf8/coroutine.lua
[13:19:53.262][info] [#0:script/workspace/loading.lua:88]: Skip loaded file: file:///home/mulaydm10/.local/share/nvim/mason/packages/lua-language-server/libexec/meta/Lua%205.4%20en-us%20utf8/package.lua
[13:19:53.262][info] [#0:script/workspace/loading.lua:112]: ++++As library of:	file:///home/mulaydm10/.local/share/nvim/mason/packages/lua-language-server/libexec/meta/Lua%205.4%20en-us%20utf8/package.lua
[13:19:53.262][info] [#0:script/workspace/loading.lua:88]: Skip loaded file: file:///home/mulaydm10/.local/share/nvim/mason/packages/lua-language-server/libexec/meta/Lua%205.4%20en-us%20utf8/table.lua
[13:19:53.262][info] [#0:script/workspace/loading.lua:112]: ++++As library of:	file:///home/mulaydm10/.local/share/nvim/mason/packages/lua-language-server/libexec/meta/Lua%205.4%20en-us%20utf8/table.lua
[13:19:53.262][info] [#0:script/workspace/loading.lua:88]: Skip loaded file: file:///home/mulaydm10/.local/share/nvim/mason/packages/lua-language-server/libexec/meta/Lua%205.4%20en-us%20utf8/debug.lua
[13:19:53.262][info] [#0:script/workspace/loading.lua:112]: ++++As library of:	file:///home/mulaydm10/.local/share/nvim/mason/packages/lua-language-server/libexec/meta/Lua%205.4%20en-us%20utf8/debug.lua
[13:19:53.262][info] [#0:script/workspace/loading.lua:88]: Skip loaded file: file:///home/mulaydm10/.local/share/nvim/mason/packages/lua-language-server/libexec/meta/Lua%205.4%20en-us%20utf8/math.lua
[13:19:53.262][info] [#0:script/workspace/loading.lua:112]: ++++As library of:	file:///home/mulaydm10/.local/share/nvim/mason/packages/lua-language-server/libexec/meta/Lua%205.4%20en-us%20utf8/math.lua
[13:19:53.263][info] [#0:script/workspace/loading.lua:88]: Skip loaded file: file:///home/mulaydm10/.local/share/nvim/mason/packages/lua-language-server/libexec/meta/Lua%205.4%20en-us%20utf8/utf8.lua
[13:19:53.263][info] [#0:script/workspace/loading.lua:112]: ++++As library of:	file:///home/mulaydm10/.local/share/nvim/mason/packages/lua-language-server/libexec/meta/Lua%205.4%20en-us%20utf8/utf8.lua
[13:19:53.263][info] [#0:script/workspace/loading.lua:88]: Skip loaded file: file:///home/mulaydm10/.local/share/nvim/mason/packages/lua-language-server/libexec/meta/Lua%205.4%20en-us%20utf8/io.lua
[13:19:53.263][info] [#0:script/workspace/loading.lua:112]: ++++As library of:	file:///home/mulaydm10/.local/share/nvim/mason/packages/lua-language-server/libexec/meta/Lua%205.4%20en-us%20utf8/io.lua
[13:19:53.263][info] [#0:script/workspace/loading.lua:88]: Skip loaded file: file:///home/mulaydm10/.local/share/nvim/mason/packages/lua-language-server/libexec/meta/Lua%205.4%20en-us%20utf8/builtin.lua
[13:19:53.263][info] [#0:script/workspace/loading.lua:112]: ++++As library of:	file:///home/mulaydm10/.local/share/nvim/mason/packages/lua-language-server/libexec/meta/Lua%205.4%20en-us%20utf8/builtin.lua
[13:19:53.263][info] [#0:script/workspace/loading.lua:88]: Skip loaded file: file:///home/mulaydm10/.local/share/nvim/mason/packages/lua-language-server/libexec/meta/Lua%205.4%20en-us%20utf8/os.lua
[13:19:53.263][info] [#0:script/workspace/loading.lua:112]: ++++As library of:	file:///home/mulaydm10/.local/share/nvim/mason/packages/lua-language-server/libexec/meta/Lua%205.4%20en-us%20utf8/os.lua
[13:19:53.263][info] [#0:script/workspace/loading.lua:88]: Skip loaded file: file:///home/mulaydm10/.local/share/nvim/mason/packages/lua-language-server/libexec/meta/Lua%205.4%20en-us%20utf8/basic.lua
[13:19:53.263][info] [#0:script/workspace/loading.lua:112]: ++++As library of:	file:///home/mulaydm10/.local/share/nvim/mason/packages/lua-language-server/libexec/meta/Lua%205.4%20en-us%20utf8/basic.lua
[13:19:53.263][info] [#0:script/workspace/loading.lua:100]: Preload file at: file:///home/mulaydm10/.config/nvim/lua/plugins/nerdfonts.lua , size = 0.145 KB
[13:19:53.264][info] [#0:script/workspace/loading.lua:100]: Preload file at: file:///home/mulaydm10/.config/nvim/lua/plugins/lualine.lua , size = 0.169 KB
[13:19:53.264][info] [#0:script/workspace/loading.lua:100]: Preload file at: file:///home/mulaydm10/.config/nvim/lua/plugins/nvim-tmux-navigator.lua , size = 0.303 KB
[13:19:53.265][info] [#0:script/workspace/loading.lua:100]: Preload file at: file:///home/mulaydm10/.config/nvim/lua/plugins/treesitter.lua , size = 0.289 KB
[13:19:53.265][info] [#0:script/workspace/loading.lua:100]: Preload file at: file:///home/mulaydm10/.config/nvim/lua/plugins/completions.lua , size = 0.921 KB
[13:19:53.266][info] [#0:script/workspace/loading.lua:100]: Preload file at: file:///home/mulaydm10/.config/nvim/lua/plugins/Telescope.lua , size = 0.627 KB
[13:19:53.267][info] [#0:script/workspace/loading.lua:88]: Skip loaded file: file:///home/mulaydm10/.config/nvim/lua/plugins/none-ls.lua
[13:19:53.267][info] [#0:script/workspace/loading.lua:100]: Preload file at: file:///home/mulaydm10/.config/nvim/lua/plugins/lsp-config.lua , size = 0.937 KB
[13:19:53.268][info] [#0:script/workspace/loading.lua:100]: Preload file at: file:///home/mulaydm10/.config/nvim/lua/plugins/catppuccin.lua , size = 0.196 KB
[13:19:53.268][info] [#0:script/workspace/loading.lua:100]: Preload file at: file:///home/mulaydm10/.config/nvim/lua/plugins/debugging.lua , size = 0.679 KB
[13:19:53.269][info] [#0:script/workspace/loading.lua:100]: Preload file at: file:///home/mulaydm10/.config/nvim/lua/plugins/neo-tree.lua , size = 0.331 KB
[13:19:53.269][info] [#0:script/workspace/loading.lua:100]: Preload file at: file:///home/mulaydm10/.config/nvim/lua/plugins/vim-test.lua , size = 0.416 KB
[13:19:53.270][info] [#0:script/workspace/loading.lua:172]: Loaded files takes [0.007] sec: file:///home/mulaydm10/.config/nvim/lua/plugins
[13:19:53.270][info] [#0:script/workspace/loading.lua:181]: Compile files takes [0.000] sec: file:///home/mulaydm10/.config/nvim/lua/plugins
[13:19:53.270][info] [#0:script/workspace/loading.lua:182]: Loaded finish:	file:///home/mulaydm10/.config/nvim/lua/plugins
[13:19:53.270][info] [#0:script/workspace/workspace.lua:381]: Preload finish at:	file:///home/mulaydm10/.config/nvim/lua/plugins
[13:19:53.275][info] [#0:script/provider/diagnostic.lua:560]: Diagnostics scope [file:///home/mulaydm10/.config/nvim/lua/plugins], files count:[23]
[13:19:53.391][info] [#0:script/provider/diagnostic.lua:577]: Diagnostics scope [file:///home/mulaydm10/.config/nvim/lua/plugins] finished, takes [0.039] sec.
[13:21:49.295][warn] [#0:script/pub/report.lua:24]: Load proto error:	Disconnected!
